{"type":"relay","rttMs":1747945671173.7,"messageId":"f2b93d00-dff7-4ab0-8a7a-af5d01ba9122","ts":"2025-05-22T20:28:35.260Z"}
{"type":"relay","rttMs":1747945673832.6,"messageId":"f53ed3ef-c5cb-46c9-9eec-ed4abd83c0de","ts":"2025-05-22T20:28:57.998Z"}
{"type":"relay","rttMs":1747945673832.9,"messageId":"a3d5a4e0-e85b-4d4f-811a-f9a3231a34c3","ts":"2025-05-22T20:29:23.702Z"}
{"type":"relay","rttMs":1747945673832.4,"messageId":"a2a1b5fc-fcff-4225-8ff1-1167ec39a34a","ts":"2025-05-22T20:29:24.384Z"}
{"type":"relay","rttMs":1747945673831.8,"messageId":"ade8f9fd-0c8b-46d9-ba20-5d0587d0ab4b","ts":"2025-05-22T20:29:25.070Z"}
{"type":"relay","rttMs":1747945673832.8,"messageId":"41cd7b43-fe37-4870-af0c-d36358fc795d","ts":"2025-05-22T20:29:26.213Z"}
{"type":"relay","rttMs":1747945671172.8,"messageId":"9af98c83-93f8-40e1-9688-2f6cc417314c","ts":"2025-05-22T20:29:28.040Z"}
{"type":"relay","rttMs":1747945671173.3,"messageId":"f7db9c25-6bae-48e1-99e7-012928b608da","ts":"2025-05-22T20:29:28.719Z"}
{"type":"relay","rttMs":1747945671173,"messageId":"092522aa-fba1-4ed9-8eca-3ea9b55c9efb","ts":"2025-05-22T20:29:29.438Z"}
{"type":"relay","rttMs":1747945671172.9,"messageId":"168494d7-cef0-4997-bf86-c8f1ee4155e4","ts":"2025-05-22T20:29:32.660Z"}
{"type":"relay","rttMs":1747945671172.8,"messageId":"8e51858f-342a-4050-9703-d43d578d266c","ts":"2025-05-22T20:29:33.392Z"}
{"type":"relay","rttMs":1747945671173.7,"messageId":"530cf621-a723-4690-810a-160ead77d66e","ts":"2025-05-22T20:29:34.069Z"}
{"type":"relay","rttMs":1747945671173.7,"messageId":"0aa102bc-8260-47ea-965c-5dc9086867bd","ts":"2025-05-22T20:29:34.780Z"}
{"type":"relay","rttMs":1747945671173.9,"messageId":"ce5e2ecf-7b4a-4f19-8e8a-f64d34b6380c","ts":"2025-05-22T20:29:35.355Z"}
{"type":"relay","rttMs":1747945671173.4,"messageId":"d0e90298-0471-472a-85d7-807275412e6f","ts":"2025-05-22T20:29:35.941Z"}
{"type":"relay","rttMs":1747945671173.8,"messageId":"b5a265e6-53a1-450c-b1fb-9a9eddfdb292","ts":"2025-05-22T20:29:36.531Z"}
{"type":"relay","rttMs":1747945671173.6,"messageId":"fe3e5e62-8a40-4e86-9f7b-442565a28dfb","ts":"2025-05-22T20:29:37.139Z"}
{"type":"relay","rttMs":1747945671173.1,"messageId":"20d2cfcd-71b4-49f1-9de6-f601bc063873","ts":"2025-05-22T20:29:37.697Z"}
{"type":"relay","rttMs":1747945671173.4,"messageId":"52fb7ee7-5e83-4cae-8d4e-b9428e33f5ea","ts":"2025-05-22T20:29:38.294Z"}
{"type":"relay","rttMs":1747945671174,"messageId":"aa9e3ca7-50ce-4133-9d44-176cc76a0b2e","ts":"2025-05-22T20:29:38.944Z"}
{"type":"relay","rttMs":1747945671173,"messageId":"c1209474-d6b5-40aa-b1eb-4c449c315141","ts":"2025-05-22T20:29:39.569Z"}
{"type":"relay","rttMs":1747945671173,"messageId":"aeb8b5b2-2107-4a0d-bd0d-a84ab5c1ecaa","ts":"2025-05-22T20:29:40.268Z"}
{"type":"relay","rttMs":1747945671173,"messageId":"b8641802-6890-4afc-947a-38ad7c53f055","ts":"2025-05-22T20:29:40.852Z"}
{"type":"relay","rttMs":1747945671173.1,"messageId":"fc7ced95-4bbb-4117-ba5e-adae7f866495","ts":"2025-05-22T20:29:41.643Z"}
{"type":"relay","rttMs":1747945671173.5,"messageId":"fd7900d8-2902-4daa-a8ea-8c7a17648895","ts":"2025-05-22T20:29:42.350Z"}
{"type":"relay","rttMs":1747945671173.2,"messageId":"a7d0d7bb-1e4f-4076-833c-70ffbed14962","ts":"2025-05-22T20:29:43.394Z"}
{"type":"relay","rttMs":1747945671173.1,"messageId":"f5b53a44-3082-49e7-b861-40c10ecdf466","ts":"2025-05-22T20:29:44.194Z"}
{"type":"relay","rttMs":1747945671173,"messageId":"4f8c1550-02c1-4045-a1ab-611edfcfdb3c","ts":"2025-05-22T20:29:44.969Z"}
{"type":"relay","rttMs":1747945671173.5,"messageId":"f4c1b6d7-e518-48dd-bf3e-cecd4fd356b1","ts":"2025-05-22T20:29:45.894Z"}
{"type":"relay","rttMs":1747945671173.8,"messageId":"001a9dab-2ecd-4676-bf40-abf523291f9e","ts":"2025-05-22T20:29:47.895Z"}
{"type":"relay","rttMs":1747945671173.3,"messageId":"b25dbf87-4b8a-4cd8-9a78-d2d955e759b7","ts":"2025-05-22T20:29:48.678Z"}
{"type":"relay","rttMs":1747945671173.8,"messageId":"00997698-14c4-4bd2-a1b6-74b882829e19","ts":"2025-05-22T20:29:49.300Z"}
{"type":"relay","rttMs":1747945671173.3,"messageId":"045cae3b-350b-44d9-a26d-31709cb2d786","ts":"2025-05-22T20:29:49.948Z"}
{"type":"relay","rttMs":1747945671173.4,"messageId":"12e9033e-5f38-440d-bcef-dbdda303f1e5","ts":"2025-05-22T20:29:50.600Z"}
{"type":"relay","rttMs":1747945671173.7,"messageId":"9aee371b-0256-40ba-aeb5-2440aac198e7","ts":"2025-05-22T20:29:51.273Z"}
{"type":"relay","rttMs":1747945671173.1,"messageId":"bfc60c33-6f67-4c6b-8aac-9282ec399b62","ts":"2025-05-22T20:29:51.997Z"}
{"type":"relay","rttMs":1747945671172.7,"messageId":"50c4112e-b8e0-4fb8-a570-962a189c3f25","ts":"2025-05-22T20:29:52.724Z"}
{"type":"relay","rttMs":1747945671173.2,"messageId":"e89eb9b7-82af-496a-a377-2d8f14dceb62","ts":"2025-05-22T20:29:53.409Z"}
{"type":"relay","rttMs":1747945671172.3,"messageId":"c394c6d9-46fe-4e0f-b348-3760586fb7fb","ts":"2025-05-22T20:29:54.113Z"}
{"type":"relay","rttMs":1747945671175.5,"messageId":"1eba742b-9a18-4865-99a9-b640858f4af1","ts":"2025-05-22T20:29:54.820Z"}
{"type":"relay","rttMs":1747945671173.5,"messageId":"3df5e41c-ce6f-4ecf-bbe0-44256d463abc","ts":"2025-05-22T20:29:55.445Z"}
{"type":"relay","rttMs":1747945671172.6,"messageId":"90842bfd-c133-4625-95f8-b4f50ff9e729","ts":"2025-05-22T20:29:56.041Z"}
{"type":"relay","rttMs":6,"messageId":"901b7115-af77-4773-8596-18a25802413a","ts":"2025-05-22T20:39:50.929Z"}
{"type":"relay","rttMs":6,"messageId":"22268934-23b3-40ec-b4ed-ef404894207c","ts":"2025-05-22T20:39:50.939Z"}
{"type":"relay","rttMs":6,"messageId":"cde94f39-9d17-47a2-b3e5-91225140b6a1","ts":"2025-05-22T20:39:50.955Z"}
{"type":"relay","rttMs":7,"messageId":"bbd130a2-06bd-4383-b43f-8457eed475d7","ts":"2025-05-22T20:39:50.971Z"}
{"type":"relay","rttMs":6,"messageId":"c42b0592-58db-4dcd-a488-f7cdd2f59fa4","ts":"2025-05-22T20:39:50.985Z"}
{"type":"relay","rttMs":5,"messageId":"6e0f12bb-a3f6-446e-b343-333a24996525","ts":"2025-05-22T20:39:51.000Z"}
{"type":"relay","rttMs":5,"messageId":"3247b1d5-c9c9-4487-8612-289b7503562b","ts":"2025-05-22T20:39:51.015Z"}
{"type":"relay","rttMs":6,"messageId":"36627c13-4b4e-4368-9e40-72b3afb9aa67","ts":"2025-05-22T20:39:51.031Z"}
{"type":"relay","rttMs":5,"messageId":"b555acac-9676-4242-aa4f-7936649978ca","ts":"2025-05-22T20:39:51.046Z"}
{"type":"relay","rttMs":6,"messageId":"d40856fb-5820-4c25-ad04-0ddac5cea6c8","ts":"2025-05-22T20:39:51.062Z"}
{"type":"relay","rttMs":8,"messageId":"c8cfe2a8-e6ae-4b12-bf13-2467520d16b1","ts":"2025-05-22T20:39:51.079Z"}
{"type":"relay","rttMs":6,"messageId":"b1172f39-299a-4052-9c95-74cdf2e5ac58","ts":"2025-05-22T20:39:51.093Z"}
{"type":"relay","rttMs":6,"messageId":"6dea753f-bbeb-4188-b207-8633405befbc","ts":"2025-05-22T20:39:51.108Z"}
{"type":"relay","rttMs":5,"messageId":"727f0f04-1e0c-48bf-8d1e-d202b8943a04","ts":"2025-05-22T20:39:51.122Z"}
{"type":"relay","rttMs":6,"messageId":"88950af6-2ce8-4341-aa31-72fb5f0ffb26","ts":"2025-05-22T20:39:51.138Z"}
{"type":"relay","rttMs":6,"messageId":"969d2bb0-83b9-4766-8480-f20c1d3415ba","ts":"2025-05-22T20:39:51.153Z"}
{"type":"relay","rttMs":6,"messageId":"84d4c2d8-101d-4ced-9d61-aae47c0bbd35","ts":"2025-05-22T20:39:51.168Z"}
{"type":"relay","rttMs":6,"messageId":"abfcd5e4-872f-4971-9d77-826c40ff6039","ts":"2025-05-22T20:39:51.184Z"}
{"type":"relay","rttMs":6,"messageId":"763a5423-e0d0-49b3-a746-5a6fc5dfd165","ts":"2025-05-22T20:39:51.199Z"}
{"type":"relay","rttMs":5,"messageId":"5a09d0d2-5f18-4f34-9448-1791b91aec21","ts":"2025-05-22T20:39:51.213Z"}
{"type":"relay","rttMs":5,"messageId":"89636179-72e2-48aa-a6a0-0fba848c9ca2","ts":"2025-05-22T20:39:51.229Z"}
{"type":"relay","rttMs":6,"messageId":"1f7397b4-d6f7-495d-8fdc-b8adf94dc63e","ts":"2025-05-22T20:39:51.245Z"}
{"type":"relay","rttMs":5,"messageId":"15360aed-c8d8-43af-a812-1f6b682a238c","ts":"2025-05-22T20:39:51.260Z"}
{"type":"relay","rttMs":5,"messageId":"272a264a-cc6c-4326-833d-5fd9adeae1ea","ts":"2025-05-22T20:39:51.275Z"}
{"type":"relay","rttMs":5,"messageId":"551039d4-0e39-4c1c-be85-51a6a2fe1995","ts":"2025-05-22T20:39:51.290Z"}
{"type":"relay","rttMs":6,"messageId":"5a6edb8b-cb75-4060-a48f-593e8edb7d08","ts":"2025-05-22T20:39:51.306Z"}
{"type":"relay","rttMs":5,"messageId":"3304c9e0-f52f-4833-a948-758b88b69153","ts":"2025-05-22T20:39:51.321Z"}
{"type":"relay","rttMs":7,"messageId":"7906ad2c-323a-4ac6-be09-df54224708e2","ts":"2025-05-22T20:39:51.338Z"}
{"type":"relay","rttMs":5,"messageId":"f38acbc6-8fdb-4de9-8b05-0cb8faa49459","ts":"2025-05-22T20:39:51.352Z"}
{"type":"relay","rttMs":5,"messageId":"2d38e12c-8c89-4c1f-abb2-5eb70c5fc548","ts":"2025-05-22T20:39:51.367Z"}
{"type":"relay","rttMs":5,"messageId":"c04641f2-6c37-43ad-afe9-d8da04492c3f","ts":"2025-05-22T20:39:51.382Z"}
{"type":"relay","rttMs":4,"messageId":"093f226c-b038-4c20-bdc1-84ddf4bd6c2a","ts":"2025-05-22T20:39:51.396Z"}
{"type":"relay","rttMs":5,"messageId":"50c2b380-2272-4b5f-a8fc-4fd45f5e0671","ts":"2025-05-22T20:39:51.412Z"}
{"type":"relay","rttMs":6,"messageId":"43ec65db-0a2a-4633-ab00-0cddc8096a59","ts":"2025-05-22T20:39:51.429Z"}
{"type":"relay","rttMs":5,"messageId":"b3fbf61a-77a5-4653-bdce-92cc879b9f65","ts":"2025-05-22T20:39:51.443Z"}
{"type":"relay","rttMs":5,"messageId":"93cd3e0a-e9b0-4466-8653-8ecaa60ccb07","ts":"2025-05-22T20:39:51.458Z"}
{"type":"relay","rttMs":4,"messageId":"39204d61-e22b-43c8-bea4-dea601e53e6f","ts":"2025-05-22T20:39:51.472Z"}
{"type":"relay","rttMs":4,"messageId":"746dd5b4-0242-417e-8454-b84735cd0058","ts":"2025-05-22T20:39:51.487Z"}
{"type":"relay","rttMs":5,"messageId":"8126d241-9432-4912-a07a-cb0c32aa4b6e","ts":"2025-05-22T20:39:51.504Z"}
{"type":"relay","rttMs":5,"messageId":"d818b305-336f-41b0-b710-e08effc00407","ts":"2025-05-22T20:39:51.519Z"}
{"type":"relay","rttMs":6,"messageId":"93f98779-9081-4c39-8e69-81f17ff42613","ts":"2025-05-22T20:39:51.534Z"}
{"type":"relay","rttMs":5,"messageId":"ec644f5f-17c1-484b-818c-e26a6854e44f","ts":"2025-05-22T20:39:51.549Z"}
{"type":"relay","rttMs":5,"messageId":"4ffe2afe-8d41-4645-a9de-ffb52b8ed257","ts":"2025-05-22T20:39:51.564Z"}
{"type":"relay","rttMs":4,"messageId":"999cc636-18df-431d-be85-0d05a9c7d0cc","ts":"2025-05-22T20:39:51.579Z"}
{"type":"relay","rttMs":7,"messageId":"005e4876-dda0-4f2c-b9ca-c9940c2c7d97","ts":"2025-05-22T20:39:51.597Z"}
{"type":"relay","rttMs":4,"messageId":"b50ff641-bc7d-4d1a-8185-99a2a6d9c6f6","ts":"2025-05-22T20:39:51.609Z"}
{"type":"relay","rttMs":4,"messageId":"4f480261-0e14-4679-af55-971a77e69284","ts":"2025-05-22T20:39:51.624Z"}
{"type":"relay","rttMs":5,"messageId":"5036cf8a-5485-46fe-8629-01b4747e4787","ts":"2025-05-22T20:39:51.641Z"}
{"type":"relay","rttMs":5,"messageId":"97a19fa1-2335-4743-9df0-cba8499ed2ce","ts":"2025-05-22T20:39:51.656Z"}
{"type":"relay","rttMs":5,"messageId":"18c7d6af-f30a-4847-a903-bfc8ef414d92","ts":"2025-05-22T20:39:51.671Z"}
{"type":"relay","rttMs":5,"messageId":"95c2f661-8a3d-4113-a894-4a5e9c3cb855","ts":"2025-05-22T20:39:51.686Z"}
{"type":"relay","rttMs":5,"messageId":"cae3980a-a97e-4e18-9d2a-8abcb56582ad","ts":"2025-05-22T20:39:51.702Z"}
{"type":"relay","rttMs":4,"messageId":"8fff8183-c49a-4127-b9c3-0a9b7c4b4432","ts":"2025-05-22T20:39:51.716Z"}
{"type":"relay","rttMs":4,"messageId":"3feb63b7-e770-4b78-a99e-85dceac94fd5","ts":"2025-05-22T20:39:51.732Z"}
{"type":"relay","rttMs":6,"messageId":"547dc3ce-367b-4811-b201-c06ad44313ff","ts":"2025-05-22T20:39:51.749Z"}
{"type":"relay","rttMs":5,"messageId":"aad75e34-0ae5-45d4-9fa2-048ff749bdee","ts":"2025-05-22T20:39:51.763Z"}
{"type":"relay","rttMs":5,"messageId":"6aa57c49-66fb-45f5-ad2f-095c9c50033e","ts":"2025-05-22T20:39:51.779Z"}
{"type":"relay","rttMs":7,"messageId":"b3de2080-78a7-42ee-8dcd-e52b59c91730","ts":"2025-05-22T20:39:51.796Z"}
{"type":"relay","rttMs":6,"messageId":"ee410eaf-b117-48b4-9297-68764def1d14","ts":"2025-05-22T20:39:51.810Z"}
{"type":"relay","rttMs":6,"messageId":"0f53ec55-367f-4bb9-9e13-45f4cf31416b","ts":"2025-05-22T20:39:51.826Z"}
{"type":"relay","rttMs":6,"messageId":"bdb58c11-4d8e-403c-a823-33fb7226305e","ts":"2025-05-22T20:39:51.841Z"}
{"type":"relay","rttMs":7,"messageId":"a63ef847-48d6-4a9c-99f4-c7d287fbf3b0","ts":"2025-05-22T20:39:51.857Z"}
{"type":"relay","rttMs":5,"messageId":"619f44e1-f190-45ba-ad22-f45812a8033d","ts":"2025-05-22T20:39:51.871Z"}
{"type":"relay","rttMs":6,"messageId":"2529c73c-d0ab-4340-9c9a-60c3ee096872","ts":"2025-05-22T20:39:51.887Z"}
{"type":"relay","rttMs":5,"messageId":"0e1a85ea-22fe-42b2-9225-abc74bc56dd7","ts":"2025-05-22T20:39:51.901Z"}
{"type":"relay","rttMs":6,"messageId":"199d653e-bb35-4686-924c-f2833337da3f","ts":"2025-05-22T20:39:51.917Z"}
{"type":"relay","rttMs":6,"messageId":"0be6f444-8434-47ac-a786-9f5cd96d5d5e","ts":"2025-05-22T20:39:51.933Z"}
{"type":"relay","rttMs":5,"messageId":"8eb44191-5308-43bc-8534-2d6632afdb85","ts":"2025-05-22T20:39:51.947Z"}
{"type":"relay","rttMs":4,"messageId":"93e495b1-5609-4dc1-98d8-d132d58cc5cf","ts":"2025-05-22T20:39:51.962Z"}
{"type":"relay","rttMs":5,"messageId":"09709113-ee3d-4627-bbe1-8e85bb7ca05f","ts":"2025-05-22T20:39:51.977Z"}
{"type":"relay","rttMs":5,"messageId":"e5372682-4a7b-4619-8fea-39389a08c477","ts":"2025-05-22T20:39:51.992Z"}
{"type":"relay","rttMs":4,"messageId":"a0a886e4-6c18-495b-b06d-f1031db21f36","ts":"2025-05-22T20:39:52.007Z"}
{"type":"relay","rttMs":4,"messageId":"4080cd6b-0c74-44a8-941c-67c7925d9eee","ts":"2025-05-22T20:39:52.022Z"}
{"type":"relay","rttMs":4,"messageId":"0093b41e-914b-496a-9bbd-4a091f8430ef","ts":"2025-05-22T20:39:52.038Z"}
{"type":"relay","rttMs":5,"messageId":"2a7a5cea-ec15-4558-81ee-d77594a1e525","ts":"2025-05-22T20:39:52.054Z"}
{"type":"relay","rttMs":4,"messageId":"447fefbb-3b1b-4adf-ab5d-cde7e7dbc407","ts":"2025-05-22T20:39:52.068Z"}
{"type":"relay","rttMs":4,"messageId":"e34a7b6d-6c5d-4224-8364-91ba0b7583af","ts":"2025-05-22T20:39:52.083Z"}
{"type":"relay","rttMs":4,"messageId":"0d2b78f3-36ba-4794-9798-47a99552cdd2","ts":"2025-05-22T20:39:52.098Z"}
{"type":"relay","rttMs":6,"messageId":"4beccff4-aa53-442d-b592-7014eb162409","ts":"2025-05-22T20:39:52.115Z"}
{"type":"relay","rttMs":5,"messageId":"8a0fd405-4b4a-4672-af12-bb8fcc9edab7","ts":"2025-05-22T20:39:52.130Z"}
{"type":"relay","rttMs":4,"messageId":"5f103a59-f050-43df-8787-5387172aa68a","ts":"2025-05-22T20:39:52.144Z"}
{"type":"relay","rttMs":4,"messageId":"1d0f2285-0755-4c2a-917d-01c11d4f3136","ts":"2025-05-22T20:39:52.159Z"}
{"type":"relay","rttMs":4,"messageId":"c3f9d2ef-e77d-46d8-a49b-1ab4cded97b8","ts":"2025-05-22T20:39:52.175Z"}
{"type":"relay","rttMs":4,"messageId":"1f5931a0-82f9-4c9f-a22b-33f32fc4801f","ts":"2025-05-22T20:39:52.190Z"}
{"type":"relay","rttMs":4,"messageId":"b4295234-c2e6-4a78-b61e-21bd793c7fc5","ts":"2025-05-22T20:39:52.205Z"}
{"type":"relay","rttMs":4,"messageId":"4b6b96f1-64e6-4db5-a560-8aeea41d1c8a","ts":"2025-05-22T20:39:52.221Z"}
{"type":"relay","rttMs":3,"messageId":"e041564f-6d0b-4639-abb1-52dc881e5657","ts":"2025-05-22T20:39:52.235Z"}
{"type":"relay","rttMs":4,"messageId":"1820d3b9-82ba-463a-88e7-7c615ff0bb54","ts":"2025-05-22T20:39:52.251Z"}
{"type":"relay","rttMs":4,"messageId":"75627b05-ac80-4be4-a06f-7a73b657741d","ts":"2025-05-22T20:39:52.267Z"}
{"type":"relay","rttMs":4,"messageId":"f066132f-5e8d-4a0f-80d9-c08cf3412373","ts":"2025-05-22T20:39:52.282Z"}
{"type":"relay","rttMs":4,"messageId":"bc8084f6-4a59-492c-80ab-dfb059230e5e","ts":"2025-05-22T20:39:52.298Z"}
{"type":"relay","rttMs":4,"messageId":"f8fd4091-853e-4c83-8193-c97696a9929b","ts":"2025-05-22T20:39:52.312Z"}
{"type":"relay","rttMs":4,"messageId":"8ed40960-f88d-46ae-bca3-bdd0916d6cc6","ts":"2025-05-22T20:39:52.328Z"}
{"type":"relay","rttMs":4,"messageId":"f154bd91-d5b4-4fb3-9db8-4c2640296bf9","ts":"2025-05-22T20:39:52.344Z"}
{"type":"relay","rttMs":4,"messageId":"d6b2f29a-fd27-4f9e-93e5-0f7cf24721bd","ts":"2025-05-22T20:39:52.360Z"}
{"type":"relay","rttMs":5,"messageId":"4115ed0c-9f4c-4add-aacf-030bbd941f36","ts":"2025-05-22T20:39:52.377Z"}
{"type":"relay","rttMs":4,"messageId":"75782b93-73d9-435d-b531-debfe3c47f4e","ts":"2025-05-22T20:39:52.391Z"}
{"type":"relay","rttMs":4,"messageId":"bc24db06-acba-4606-b7fb-0a3da3fefb84","ts":"2025-05-22T20:39:52.407Z"}
{"type":"relay","rttMs":5,"messageId":"ea624cbe-da91-4823-8bd4-be326105c6ed","ts":"2025-05-22T20:39:52.423Z"}
{"type":"relay","rttMs":5,"messageId":"1568784d-bb4e-41fb-9e45-e81a5c0ceb38","ts":"2025-05-22T20:39:52.438Z"}
{"type":"queued","messageId":"5df3d7c9-60cc-43df-83b8-554fdba1470f","ts":"2025-05-22T20:40:36.163Z"}
{"type":"queued","messageId":"42731142-441f-4048-9b32-cc4a0b3d4b23","ts":"2025-05-22T20:40:36.170Z"}
{"type":"queued","messageId":"02b4812d-0a21-4446-972e-3f8e158fd5ed","ts":"2025-05-22T20:40:36.189Z"}
{"type":"queued","messageId":"fd84ba12-ebff-4244-9e8a-9178919b65f5","ts":"2025-05-22T20:40:36.204Z"}
{"type":"queued","messageId":"fdd4b967-c984-40b3-8957-f9f0ad581e0c","ts":"2025-05-22T20:40:36.219Z"}
{"type":"queued","messageId":"c278cc0e-1794-4a60-82da-6ad98889c86a","ts":"2025-05-22T20:40:36.234Z"}
{"type":"queued","messageId":"92c9fd6a-9d8f-4338-a7ed-ae507c6a284a","ts":"2025-05-22T20:40:36.250Z"}
{"type":"queued","messageId":"51835fed-b8d1-45bd-90f9-15715c0133a4","ts":"2025-05-22T20:40:36.265Z"}
{"type":"queued","messageId":"c63fe722-48f4-49af-bfc9-05db57c2b73c","ts":"2025-05-22T20:40:36.282Z"}
{"type":"queued","messageId":"7878a845-9740-476a-8d0a-c2e1b7bfaf4b","ts":"2025-05-22T20:40:36.296Z"}
{"type":"queued","messageId":"88330429-5639-4d12-9d83-4edba45e6d6e","ts":"2025-05-22T20:40:36.311Z"}
{"type":"queued","messageId":"d4fd85dc-15c4-4b64-975e-54e80a67387f","ts":"2025-05-22T20:40:36.326Z"}
{"type":"queued","messageId":"3e857a54-dbb9-485d-9e93-af7a1e16a071","ts":"2025-05-22T20:40:36.342Z"}
{"type":"queued","messageId":"d641317f-12d0-4dcc-b3f4-52cacf70d101","ts":"2025-05-22T20:40:36.356Z"}
{"type":"queued","messageId":"79816e16-e8dd-46cb-a019-57b0d622c634","ts":"2025-05-22T20:40:36.371Z"}
{"type":"queued","messageId":"4d69adb2-7975-40b5-9e18-ea08807ad97b","ts":"2025-05-22T20:40:36.386Z"}
{"type":"queued","messageId":"be510fa3-d8d9-4c84-9610-ca97169a3047","ts":"2025-05-22T20:40:36.402Z"}
{"type":"queued","messageId":"a78fb96a-ab8b-4a29-86f5-167f8289004e","ts":"2025-05-22T20:40:36.417Z"}
{"type":"queued","messageId":"1bc5b8ee-fa91-4af6-925c-d38920807fa0","ts":"2025-05-22T20:40:36.433Z"}
{"type":"queued","messageId":"99095292-d7f5-49e9-bfbd-75a0cf91aac9","ts":"2025-05-22T20:40:36.448Z"}
{"type":"queued","messageId":"725c65a2-ab58-466a-b960-5729acda8c72","ts":"2025-05-22T20:40:36.463Z"}
{"type":"queued","messageId":"0b485f2a-de87-4688-8fd7-723719aabeb0","ts":"2025-05-22T20:40:36.479Z"}
{"type":"queued","messageId":"9635c765-599c-4ed3-8933-b7d04948f674","ts":"2025-05-22T20:40:36.494Z"}
{"type":"queued","messageId":"c2eda14f-e1f9-42e9-8742-abe597e19ae5","ts":"2025-05-22T20:40:36.509Z"}
{"type":"queued","messageId":"08324fdb-6fcc-4a62-8134-accba2deb0ff","ts":"2025-05-22T20:40:36.524Z"}
{"type":"queued","messageId":"ead769cd-4e57-49ff-9631-bc3e9d13152f","ts":"2025-05-22T20:40:36.543Z"}
{"type":"queued","messageId":"17de629e-3528-49a1-bc5a-4ce8e5be8353","ts":"2025-05-22T20:40:36.555Z"}
{"type":"queued","messageId":"beb9af9a-272d-4a99-8f61-63defac01097","ts":"2025-05-22T20:40:36.570Z"}
{"type":"queued","messageId":"f8979cda-0096-4bb0-a313-15b3edcb0dfd","ts":"2025-05-22T20:40:36.585Z"}
{"type":"queued","messageId":"a444f6d7-b0bd-4e2e-90d4-240470342f2b","ts":"2025-05-22T20:40:36.601Z"}
{"type":"queued","messageId":"45cbc652-5981-4ea6-b29a-41acebb9f8bd","ts":"2025-05-22T20:40:36.616Z"}
{"type":"queued","messageId":"ce2008cd-14e8-48f3-bd24-b4724ac34d5e","ts":"2025-05-22T20:40:36.632Z"}
{"type":"queued","messageId":"2d4b12a0-80ef-4dc1-8f92-b4ca80964a0f","ts":"2025-05-22T20:40:36.647Z"}
{"type":"queued","messageId":"e6630bdd-ed8b-4d3a-96b0-e14e6c8c1a42","ts":"2025-05-22T20:40:36.662Z"}
{"type":"queued","messageId":"98b6e55e-a364-4ed6-b5e0-c07778fd09bb","ts":"2025-05-22T20:40:36.676Z"}
{"type":"queued","messageId":"c1693c24-cec3-461b-8649-43c1091a458c","ts":"2025-05-22T20:40:36.694Z"}
{"type":"queued","messageId":"7e15be0c-b1b1-47c9-bf58-d09fd08e2a3c","ts":"2025-05-22T20:40:36.709Z"}
{"type":"queued","messageId":"a6a72ed8-b666-40eb-8abe-0cac56e0f950","ts":"2025-05-22T20:40:36.724Z"}
{"type":"queued","messageId":"09c4156e-48b6-4a80-bd19-7660b4b80305","ts":"2025-05-22T20:40:36.740Z"}
{"type":"queued","messageId":"c840ad29-ac59-4501-8f2f-669cbe54dd18","ts":"2025-05-22T20:40:36.755Z"}
{"type":"queued","messageId":"8237186f-76f6-4c07-b235-3c5cafa356e0","ts":"2025-05-22T20:40:36.770Z"}
{"type":"queued","messageId":"39ac9a97-7478-410c-accf-87ceb61accc2","ts":"2025-05-22T20:40:36.785Z"}
{"type":"queued","messageId":"aa51c4bc-00d2-4f57-9b2d-76dc83c4ef99","ts":"2025-05-22T20:40:36.803Z"}
{"type":"queued","messageId":"9574b50b-9e12-4964-9d0d-dc9664562cee","ts":"2025-05-22T20:40:36.815Z"}
{"type":"queued","messageId":"4240810d-3be6-4f80-b2a7-cfa403af358f","ts":"2025-05-22T20:40:36.830Z"}
{"type":"queued","messageId":"0586875f-a071-4dd8-b5db-2b2bf212a6e3","ts":"2025-05-22T20:40:36.845Z"}
{"type":"queued","messageId":"1a21d26b-3ee9-4c25-aceb-3a92dc901979","ts":"2025-05-22T20:40:36.860Z"}
{"type":"queued","messageId":"86037601-234f-4d08-bb92-4ce7d7bf8389","ts":"2025-05-22T20:40:36.876Z"}
{"type":"queued","messageId":"f0d090ea-ee7e-4771-a78f-621370697591","ts":"2025-05-22T20:40:36.891Z"}
{"type":"queued","messageId":"77b77bbb-d02f-44dc-ac9a-a2139b7f121a","ts":"2025-05-22T20:40:36.906Z"}
{"type":"queued","messageId":"f7dcc904-18de-4ff1-b860-e95b38e6f7e1","ts":"2025-05-22T20:40:36.921Z"}
{"type":"queued","messageId":"6998ebe9-b754-48d5-9c7d-961db99870ea","ts":"2025-05-22T20:40:36.936Z"}
{"type":"queued","messageId":"f722b9f5-0840-4b24-b4f8-d71e7fd4cc54","ts":"2025-05-22T20:40:36.951Z"}
{"type":"queued","messageId":"a62e3db7-8da3-4b79-8d25-d622348b546a","ts":"2025-05-22T20:40:36.966Z"}
{"type":"queued","messageId":"ab21d33f-811f-4d1d-a754-3a3139a27de5","ts":"2025-05-22T20:40:36.981Z"}
{"type":"queued","messageId":"fa0b680e-6496-40ef-b7aa-e8c9feb774e9","ts":"2025-05-22T20:40:36.996Z"}
{"type":"queued","messageId":"5ab92484-a076-47ed-9806-ea86080ff7e5","ts":"2025-05-22T20:40:37.011Z"}
{"type":"queued","messageId":"d2788d7a-c99e-445a-8bb7-193193db9fcb","ts":"2025-05-22T20:40:37.027Z"}
{"type":"queued","messageId":"1fe6bb81-28c0-41ff-9590-4ef10dde7f8a","ts":"2025-05-22T20:40:37.042Z"}
{"type":"queued","messageId":"4621cc32-831d-4f9c-93f1-ffbfee758c0f","ts":"2025-05-22T20:40:37.060Z"}
{"type":"queued","messageId":"17d3baf5-909b-429d-b82c-153413329a0c","ts":"2025-05-22T20:40:37.072Z"}
{"type":"queued","messageId":"a6de8aec-80c8-4345-959d-9c9eed80d38b","ts":"2025-05-22T20:40:37.087Z"}
{"type":"queued","messageId":"c033c70c-8335-4eb8-b573-00370216c87a","ts":"2025-05-22T20:40:37.103Z"}
{"type":"queued","messageId":"727ba185-6fa4-4f6f-8b84-5ef03fbd837d","ts":"2025-05-22T20:40:37.120Z"}
{"type":"queued","messageId":"abd06a4d-3886-47ca-bfb2-e5f56bb191b7","ts":"2025-05-22T20:40:37.134Z"}
{"type":"queued","messageId":"47407dc7-e78d-4be1-a4f5-2a61ecac49fe","ts":"2025-05-22T20:40:37.149Z"}
{"type":"queued","messageId":"757ef717-d886-47fc-b9e2-cc97b600d61c","ts":"2025-05-22T20:40:37.163Z"}
{"type":"queued","messageId":"24ce5f7c-fbd8-46dd-9ed9-8e0500134189","ts":"2025-05-22T20:40:37.179Z"}
{"type":"queued","messageId":"049c523d-e125-400b-9175-41e94005480f","ts":"2025-05-22T20:40:37.194Z"}
{"type":"queued","messageId":"a36f9be3-69a2-472e-8b31-6b7335412e5a","ts":"2025-05-22T20:40:37.209Z"}
{"type":"queued","messageId":"49214841-b60c-4b9d-8191-5fe8e7ba2649","ts":"2025-05-22T20:40:37.224Z"}
{"type":"queued","messageId":"15405282-541a-4d57-a09f-dfcefd6f2e0d","ts":"2025-05-22T20:40:37.240Z"}
{"type":"queued","messageId":"c5a473a5-6ecf-4f07-9218-1b9dfc56c7dd","ts":"2025-05-22T20:40:37.255Z"}
{"type":"queued","messageId":"c911decc-5ed1-40dc-80a4-b8d4a4393c95","ts":"2025-05-22T20:40:37.271Z"}
{"type":"queued","messageId":"5f9e5b1c-3b2a-4e14-9280-ae55f85e1ea4","ts":"2025-05-22T20:40:37.286Z"}
{"type":"queued","messageId":"f1248d3c-753b-4e20-989c-ec7f6b4e6eb6","ts":"2025-05-22T20:40:37.302Z"}
{"type":"queued","messageId":"e238edbf-a72f-49c9-9c78-b52755c600d7","ts":"2025-05-22T20:40:37.319Z"}
{"type":"queued","messageId":"06527458-0faf-4ac9-a350-e6abe35d2de7","ts":"2025-05-22T20:40:37.332Z"}
{"type":"queued","messageId":"e7136e4e-bd99-491d-883b-0e23ba0d3f8d","ts":"2025-05-22T20:40:37.346Z"}
{"type":"queued","messageId":"fed33f4e-c6f2-4a15-a585-b6f6c2472b7f","ts":"2025-05-22T20:40:37.362Z"}
{"type":"queued","messageId":"dbaff403-0030-4a2e-a128-35dde021f423","ts":"2025-05-22T20:40:37.377Z"}
{"type":"queued","messageId":"2f0d4aff-1a35-45d0-abe3-a50d4d96be12","ts":"2025-05-22T20:40:37.392Z"}
{"type":"queued","messageId":"8681a2b9-bb29-4ecc-aeee-67c13eb3136d","ts":"2025-05-22T20:40:37.406Z"}
{"type":"queued","messageId":"762c1d67-5390-4740-a7c0-ca19d038d74b","ts":"2025-05-22T20:40:37.422Z"}
{"type":"queued","messageId":"eb23c66d-229a-467a-8105-2c3a8ae0d916","ts":"2025-05-22T20:40:37.438Z"}
{"type":"queued","messageId":"916882d6-b7ab-4fc2-b961-1bbe4957c7bb","ts":"2025-05-22T20:40:37.454Z"}
{"type":"queued","messageId":"5aa0506f-c9a8-44ba-9bd5-eef6b4931675","ts":"2025-05-22T20:40:37.469Z"}
{"type":"queued","messageId":"d3a69f5a-2aa2-4ce8-aed7-1273c5edf579","ts":"2025-05-22T20:40:37.484Z"}
{"type":"queued","messageId":"0f826c6b-e8fb-46c3-9733-12673f471363","ts":"2025-05-22T20:40:37.499Z"}
{"type":"queued","messageId":"cd0fd9ee-e825-43ec-9808-e18cb3671c59","ts":"2025-05-22T20:40:37.514Z"}
{"type":"queued","messageId":"1cc4cac3-613b-4d9a-a8fb-716c7681533e","ts":"2025-05-22T20:40:37.529Z"}
{"type":"queued","messageId":"7f69cb57-6bff-4381-8a77-0f48af62c308","ts":"2025-05-22T20:40:37.545Z"}
{"type":"queued","messageId":"15620ba2-98df-4046-a893-59414f3f3505","ts":"2025-05-22T20:40:37.560Z"}
{"type":"queued","messageId":"43c88db8-befe-4fea-a3c4-550ce8d27bd7","ts":"2025-05-22T20:40:37.577Z"}
{"type":"queued","messageId":"855deee1-a620-43eb-878a-c0995c53e896","ts":"2025-05-22T20:40:37.591Z"}
{"type":"queued","messageId":"53f393cf-4f22-45c1-a2d9-8309b14ceb89","ts":"2025-05-22T20:40:37.606Z"}
{"type":"queued","messageId":"d4dca0e7-4b7d-49a7-ad24-dde571ee492c","ts":"2025-05-22T20:40:37.621Z"}
{"type":"queued","messageId":"6d253586-cd6b-4858-8b53-8744a287cec8","ts":"2025-05-22T20:40:37.637Z"}
{"type":"queued","messageId":"83558581-0691-4361-8203-68ba234789f5","ts":"2025-05-22T20:40:37.653Z"}
{"type":"queued","messageId":"efbcfe81-8ae9-46ed-a85a-971a3efbfe9e","ts":"2025-05-22T20:40:37.668Z"}
{"type":"queued","messageId":"794713a4-1c79-4327-8727-a41bd6af9ca7","ts":"2025-05-22T20:40:56.223Z"}
{"type":"queued","messageId":"e3b71e1e-a236-4d06-9bf7-d942943c4c46","ts":"2025-05-22T20:40:56.240Z"}
{"type":"queued","messageId":"f2ec1621-8aa3-4d37-8f0a-9f864e341a07","ts":"2025-05-22T20:40:56.254Z"}
{"type":"queued","messageId":"c5dea6f8-383c-418c-a582-3235f70c5bc3","ts":"2025-05-22T20:40:56.269Z"}
{"type":"queued","messageId":"9fa4c946-ceb1-4d8f-a438-1afe3296114e","ts":"2025-05-22T20:40:56.284Z"}
{"type":"queued","messageId":"dce6e520-55bc-4f79-b9b9-8f767b6638db","ts":"2025-05-22T20:40:56.300Z"}
{"type":"queued","messageId":"c1df3949-6acd-4da6-a051-27a4d5d877ce","ts":"2025-05-22T20:40:56.315Z"}
{"type":"queued","messageId":"6256d886-6e6d-41fe-a1fe-c2eb1d8501bf","ts":"2025-05-22T20:40:56.330Z"}
{"type":"queued","messageId":"0f12f453-3e81-4f6e-92e4-5e3d9d2e9d14","ts":"2025-05-22T20:40:56.346Z"}
{"type":"queued","messageId":"bb8493eb-ad6a-423e-af13-86bb2df65c3f","ts":"2025-05-22T20:40:56.361Z"}
{"type":"queued","messageId":"d1a018f5-e035-4326-a1f9-a100c513a10f","ts":"2025-05-22T20:40:56.377Z"}
{"type":"queued","messageId":"d790684e-831e-47aa-996a-48fa25eb4b6d","ts":"2025-05-22T20:40:56.392Z"}
{"type":"queued","messageId":"134d6879-98bb-4c07-b33a-89e27a88a864","ts":"2025-05-22T20:40:56.407Z"}
{"type":"queued","messageId":"cadf3583-6fc2-4321-9ef4-1122834cfc22","ts":"2025-05-22T20:40:56.422Z"}
{"type":"queued","messageId":"a4b0c265-8a5c-4db8-a39d-4f7b5a2c0068","ts":"2025-05-22T20:40:56.438Z"}
{"type":"queued","messageId":"8031f19f-a049-48e3-b447-af86b68638fe","ts":"2025-05-22T20:40:56.452Z"}
{"type":"queued","messageId":"656d35ae-cc93-4e62-ab13-f9d1578d2869","ts":"2025-05-22T20:40:56.467Z"}
{"type":"queued","messageId":"97c21727-c338-4de5-b500-722a1d9da839","ts":"2025-05-22T20:40:56.483Z"}
{"type":"queued","messageId":"3bf6b467-f1e4-4728-b76b-f233c7d6afac","ts":"2025-05-22T20:40:56.500Z"}
{"type":"queued","messageId":"5e5cd746-c330-4d53-9078-865b0fc1534e","ts":"2025-05-22T20:40:56.514Z"}
{"type":"queued","messageId":"ba6e5834-98f6-45c8-b9ee-3676ffd8a75f","ts":"2025-05-22T20:40:56.528Z"}
{"type":"queued","messageId":"f7598644-ac38-498f-b25a-c2dee5144b9e","ts":"2025-05-22T20:40:56.544Z"}
{"type":"queued","messageId":"57cff638-3b21-4378-b681-5584747cf372","ts":"2025-05-22T20:40:56.559Z"}
{"type":"queued","messageId":"270810e1-f2bc-4f62-97ed-e429b419d9c6","ts":"2025-05-22T20:40:56.574Z"}
{"type":"queued","messageId":"1c92491c-001b-46d2-b8f2-25dfef5814e8","ts":"2025-05-22T20:40:56.590Z"}
{"type":"queued","messageId":"e1256583-e9ca-4efa-8223-b5164fdf1b74","ts":"2025-05-22T20:40:56.605Z"}
{"type":"queued","messageId":"cf8d2c89-e5b4-4b49-be97-0a1f1d6e4d2c","ts":"2025-05-22T20:40:56.620Z"}
{"type":"queued","messageId":"e04f3524-f127-4251-b5d1-059049bad7bd","ts":"2025-05-22T20:40:56.636Z"}
{"type":"queued","messageId":"117543b4-a861-4586-9f9d-7d8108d1c3aa","ts":"2025-05-22T20:40:56.650Z"}
{"type":"queued","messageId":"e53f899e-9bb5-4bd2-98b8-73960fa6a3ed","ts":"2025-05-22T20:40:56.665Z"}
{"type":"queued","messageId":"7e6432f8-873f-4c4c-884f-1291fb7e0d71","ts":"2025-05-22T20:40:56.681Z"}
{"type":"queued","messageId":"17ea4041-40a5-4b73-93d5-1351e3660b0f","ts":"2025-05-22T20:40:56.696Z"}
{"type":"queued","messageId":"8e30c4a4-d8c1-4602-b6c6-25440347d5ea","ts":"2025-05-22T20:40:56.711Z"}
{"type":"queued","messageId":"f9b11356-00b5-43c4-8e34-b019a819c65a","ts":"2025-05-22T20:40:56.727Z"}
{"type":"queued","messageId":"8b28f7a6-8253-4c6a-a908-b00541ef19e6","ts":"2025-05-22T20:40:56.741Z"}
{"type":"queued","messageId":"7ba8102f-6b4b-486e-8bc3-c2731af0c0eb","ts":"2025-05-22T20:40:56.758Z"}
{"type":"queued","messageId":"e9647a00-8727-4166-a3c1-85c43ac53159","ts":"2025-05-22T20:40:56.771Z"}
{"type":"queued","messageId":"dd33eb99-d08c-4e34-b87d-42a170f2034e","ts":"2025-05-22T20:40:56.786Z"}
{"type":"queued","messageId":"5f700a35-0389-4f0f-af9d-9e3030984c9e","ts":"2025-05-22T20:40:56.802Z"}
{"type":"queued","messageId":"6394d3de-ecf6-4dae-83ea-71c7f34e39d7","ts":"2025-05-22T20:40:56.817Z"}
{"type":"queued","messageId":"7967dd8e-b4fb-4a2b-8473-455ee1676d85","ts":"2025-05-22T20:40:56.832Z"}
{"type":"queued","messageId":"158fe871-dd01-4ced-9835-f010a8b56a4d","ts":"2025-05-22T20:40:56.847Z"}
{"type":"queued","messageId":"11e1b6d3-f631-4556-8fb2-7fb126aaf6f7","ts":"2025-05-22T20:40:56.864Z"}
{"type":"queued","messageId":"5ce5d320-6321-4e37-8c39-6fc7adb09570","ts":"2025-05-22T20:40:56.878Z"}
{"type":"queued","messageId":"2ae5ba71-3410-4608-86c3-e542f16efa3f","ts":"2025-05-22T20:40:56.894Z"}
{"type":"queued","messageId":"2161bf19-e9af-4d75-9dbf-5f6efa667829","ts":"2025-05-22T20:40:56.909Z"}
{"type":"queued","messageId":"553da838-9776-493e-8701-5c6e921aefd6","ts":"2025-05-22T20:40:56.924Z"}
{"type":"queued","messageId":"e43e9fd2-df11-4010-9574-64e2d1a5fa8e","ts":"2025-05-22T20:40:56.939Z"}
{"type":"queued","messageId":"d535ff96-7d56-4781-8864-a1f702e4979e","ts":"2025-05-22T20:40:56.955Z"}
{"type":"queued","messageId":"dcc02ca7-799e-466e-9b13-1d8888ea6525","ts":"2025-05-22T20:40:56.970Z"}
{"type":"queued","messageId":"eb4bd720-8082-4ab3-8bf8-3589354c8ef7","ts":"2025-05-22T20:40:56.985Z"}
{"type":"queued","messageId":"f5d95af4-8769-4f43-b2a5-536b93d9474f","ts":"2025-05-22T20:40:57.000Z"}
{"type":"queued","messageId":"d67410d5-0dfa-4038-b73d-a7891ff7aebf","ts":"2025-05-22T20:40:57.018Z"}
{"type":"queued","messageId":"9d92d2db-76cd-4bbd-9348-ff513dba33e7","ts":"2025-05-22T20:40:57.031Z"}
{"type":"queued","messageId":"51095959-fcec-4c20-9b6a-619f0f3c9d1f","ts":"2025-05-22T20:40:57.047Z"}
{"type":"queued","messageId":"baed0a41-de86-4d51-8c68-4f4aaa9ed821","ts":"2025-05-22T20:40:57.061Z"}
{"type":"queued","messageId":"35a6ecd3-faf1-4858-a050-3c36a5431de4","ts":"2025-05-22T20:40:57.077Z"}
{"type":"queued","messageId":"6a5ef23e-11a5-44a7-9846-08d45622a6ce","ts":"2025-05-22T20:40:57.092Z"}
{"type":"queued","messageId":"b6e482f0-a344-4573-924a-a66780e18a7f","ts":"2025-05-22T20:40:57.108Z"}
{"type":"queued","messageId":"39bb1783-a6e1-4d3d-90ac-07a8689fc687","ts":"2025-05-22T20:40:57.123Z"}
{"type":"queued","messageId":"0d353e97-e8dd-49ea-b3ab-b2a2534b9b70","ts":"2025-05-22T20:40:57.139Z"}
{"type":"queued","messageId":"f053e3cd-e2c9-418f-9942-688e77ca8cfb","ts":"2025-05-22T20:40:57.154Z"}
{"type":"queued","messageId":"9702b978-9e5e-48de-991a-58106eb706cb","ts":"2025-05-22T20:40:57.169Z"}
{"type":"queued","messageId":"edac8d37-2154-403f-94d9-4b33d452215f","ts":"2025-05-22T20:40:57.184Z"}
{"type":"queued","messageId":"3ab183e8-68c0-4118-995d-46f88df8e782","ts":"2025-05-22T20:40:57.200Z"}
{"type":"queued","messageId":"ee83ecdc-74a5-461b-b1a5-96135601c133","ts":"2025-05-22T20:40:57.215Z"}
{"type":"queued","messageId":"5f788f74-c1fb-4d24-b383-e49a3764a642","ts":"2025-05-22T20:40:57.231Z"}
{"type":"queued","messageId":"ebc8e85a-79c1-4993-99ab-c725f7508ba3","ts":"2025-05-22T20:40:57.246Z"}
{"type":"queued","messageId":"d0313884-955f-41c7-8adb-88fa61f91531","ts":"2025-05-22T20:40:57.261Z"}
{"type":"queued","messageId":"b7c2649f-0aa4-4a19-8823-4f6ccdeb76d0","ts":"2025-05-22T20:40:57.278Z"}
{"type":"queued","messageId":"aaf678d4-e5c2-400e-ae4b-995689673467","ts":"2025-05-22T20:40:57.291Z"}
{"type":"queued","messageId":"f53d1490-a77a-4cd6-8d48-8908eed5d892","ts":"2025-05-22T20:40:57.306Z"}
{"type":"queued","messageId":"63e0422e-0200-4e5f-aa49-46a113a2da17","ts":"2025-05-22T20:40:57.322Z"}
{"type":"queued","messageId":"c62e8c4c-742c-45d9-9b1a-ebdb617998f1","ts":"2025-05-22T20:40:57.336Z"}
{"type":"queued","messageId":"301afe2d-ee6a-4d00-8bb3-8f9cd7d6e390","ts":"2025-05-22T20:40:57.353Z"}
{"type":"queued","messageId":"e57ab217-d08b-43e5-910b-07fa597b82db","ts":"2025-05-22T20:40:57.367Z"}
{"type":"queued","messageId":"a62eefe4-9000-4fa5-9ff8-30994abb6cb6","ts":"2025-05-22T20:40:57.383Z"}
{"type":"queued","messageId":"5f5b24ba-3ccd-489a-a11c-f128d8c31caa","ts":"2025-05-22T20:40:57.397Z"}
{"type":"queued","messageId":"949307a9-7d03-48ad-9e39-07522d5ea7ea","ts":"2025-05-22T20:40:57.413Z"}
{"type":"queued","messageId":"739b626d-0f79-4ee8-b5cb-ab18b8858275","ts":"2025-05-22T20:40:57.428Z"}
{"type":"queued","messageId":"649f0bba-cb3d-4f13-9663-6a4904fa3032","ts":"2025-05-22T20:40:57.444Z"}
{"type":"queued","messageId":"59f29531-0751-44d3-b9f1-b041e84d3a53","ts":"2025-05-22T20:40:57.459Z"}
{"type":"queued","messageId":"0a18352f-67d1-44db-9302-5543cae110d9","ts":"2025-05-22T20:40:57.474Z"}
{"type":"queued","messageId":"fafbca93-4a98-404b-a6a2-3682f8486253","ts":"2025-05-22T20:40:57.490Z"}
{"type":"queued","messageId":"b677c654-24ed-42db-858e-cb95d53a785a","ts":"2025-05-22T20:40:57.505Z"}
{"type":"queued","messageId":"a4d6428e-e7fe-43a1-97c8-336c863670d3","ts":"2025-05-22T20:40:57.520Z"}
{"type":"queued","messageId":"954addac-8d3a-47bf-be96-f676c44817f7","ts":"2025-05-22T20:40:57.537Z"}
{"type":"queued","messageId":"78e6097d-04f6-468f-a1bb-32a4ea9d75ee","ts":"2025-05-22T20:40:57.551Z"}
{"type":"queued","messageId":"a6658e0a-9c15-45c0-8df2-3e557538b5ec","ts":"2025-05-22T20:40:57.566Z"}
{"type":"queued","messageId":"4051ec78-f071-458d-81eb-c4fe08100f79","ts":"2025-05-22T20:40:57.581Z"}
{"type":"queued","messageId":"da743edf-2ce2-4e25-bd11-d06138e1fc42","ts":"2025-05-22T20:40:57.597Z"}
{"type":"queued","messageId":"57dba501-0c81-4a09-8d86-7b0413a24ceb","ts":"2025-05-22T20:40:57.612Z"}
{"type":"queued","messageId":"84f53b62-2fc8-4208-b6c0-781e257160da","ts":"2025-05-22T20:40:57.627Z"}
{"type":"queued","messageId":"64bfc137-9780-442b-aa9c-b5a20e5fd5e2","ts":"2025-05-22T20:40:57.642Z"}
{"type":"queued","messageId":"43847ad4-cb3d-436b-9e6b-19fe0ea3e1e2","ts":"2025-05-22T20:40:57.657Z"}
{"type":"queued","messageId":"53c771a4-5e4e-4b3d-a2a2-8b869a75080e","ts":"2025-05-22T20:40:57.672Z"}
{"type":"queued","messageId":"867f5dd9-8d01-4e66-a4c0-ab79eb4722b3","ts":"2025-05-22T20:40:57.688Z"}
{"type":"queued","messageId":"3854a5c0-f8f6-4847-a851-ac8075a0ff2d","ts":"2025-05-22T20:40:57.703Z"}
{"type":"queued","messageId":"1d8817c9-eb12-453b-b203-c58274746a74","ts":"2025-05-22T20:40:57.718Z"}
{"type":"queued","messageId":"a42c1ee9-5450-4a4d-935c-a0839718963f","ts":"2025-05-22T20:40:57.733Z"}
{"type":"queued","messageId":"0ce3f752-ac19-4090-bdd9-b98b4581578d","ts":"2025-05-22T20:41:30.012Z"}
{"type":"queued","messageId":"a0fa387b-228d-4fbe-8187-a71b1bb19b8d","ts":"2025-05-22T20:41:30.027Z"}
{"type":"queued","messageId":"6c2a4e03-8bf7-4baf-8ac5-1f0bd8113028","ts":"2025-05-22T20:41:30.042Z"}
{"type":"queued","messageId":"fb23abe0-d4e9-400c-ae78-6f4f3d3a51e8","ts":"2025-05-22T20:41:30.058Z"}
{"type":"queued","messageId":"90af7b9f-f274-4120-9f17-19354594db5c","ts":"2025-05-22T20:41:30.074Z"}
{"type":"queued","messageId":"f8cebb9a-df54-4e30-9446-2b517c1608df","ts":"2025-05-22T20:41:30.089Z"}
{"type":"queued","messageId":"f330f554-647b-4d08-96df-7fb373141bd7","ts":"2025-05-22T20:41:30.106Z"}
{"type":"queued","messageId":"fd64f4d9-c739-460e-909f-9b9a9ff8a888","ts":"2025-05-22T20:41:30.119Z"}
{"type":"queued","messageId":"f4693dfd-13dd-404f-b9bb-43acad648e18","ts":"2025-05-22T20:41:30.134Z"}
{"type":"queued","messageId":"e0b104c8-3aed-48f2-9817-5da7bf8689c4","ts":"2025-05-22T20:41:30.150Z"}
{"type":"queued","messageId":"d4a2f1bb-9d10-4174-8bfb-8832272ff384","ts":"2025-05-22T20:41:30.165Z"}
{"type":"queued","messageId":"d15fa62d-d2bf-469a-8644-ee8528878b9c","ts":"2025-05-22T20:41:30.180Z"}
{"type":"queued","messageId":"421cc0b4-8046-4d17-991d-4048bb0a0047","ts":"2025-05-22T20:41:30.196Z"}
{"type":"queued","messageId":"c4613921-77ad-4cb4-8519-68c9a6839b25","ts":"2025-05-22T20:41:30.212Z"}
{"type":"queued","messageId":"987c6b08-584a-48fc-95a9-844cf943511c","ts":"2025-05-22T20:41:30.227Z"}
{"type":"queued","messageId":"ceecc949-b05a-4b44-9712-2a1da5b3d594","ts":"2025-05-22T20:41:30.242Z"}
{"type":"queued","messageId":"50613252-37e4-4c8e-8307-9907959ba91e","ts":"2025-05-22T20:41:30.258Z"}
{"type":"queued","messageId":"02235118-ad15-4c21-9e1c-8581777ac098","ts":"2025-05-22T20:41:30.272Z"}
{"type":"queued","messageId":"7e969453-1ead-4451-a244-79e82ba52978","ts":"2025-05-22T20:41:30.288Z"}
{"type":"queued","messageId":"8f22bdf1-c12b-42de-bce9-70a4de325c13","ts":"2025-05-22T20:41:30.304Z"}
{"type":"queued","messageId":"4a62aae7-1d9f-43c9-996c-b3cad59d5ff4","ts":"2025-05-22T20:41:30.318Z"}
{"type":"queued","messageId":"bf314c61-0af8-4bed-ab71-ecb44c1660b8","ts":"2025-05-22T20:41:30.333Z"}
{"type":"queued","messageId":"b577e481-23eb-4fe2-9a96-5ebc04080cad","ts":"2025-05-22T20:41:30.349Z"}
{"type":"queued","messageId":"3eb931ae-8591-4be7-831d-5d608eb6bd25","ts":"2025-05-22T20:41:30.367Z"}
{"type":"queued","messageId":"996e2929-4151-4faa-b926-f25946466e74","ts":"2025-05-22T20:41:30.380Z"}
{"type":"queued","messageId":"9167f3eb-89fe-44ac-902e-a8a80adaec80","ts":"2025-05-22T20:41:30.395Z"}
{"type":"queued","messageId":"0f397158-583d-48ce-8c1b-6c8d59758b07","ts":"2025-05-22T20:41:30.410Z"}
{"type":"queued","messageId":"3278a5a8-1a07-4dff-a7fc-995a0fc57a31","ts":"2025-05-22T20:41:30.424Z"}
{"type":"queued","messageId":"757abae1-b558-49ee-9d5f-4fda84440069","ts":"2025-05-22T20:41:30.441Z"}
{"type":"queued","messageId":"d1d23c59-4d9c-436d-8264-0334a756cbfd","ts":"2025-05-22T20:41:30.456Z"}
{"type":"queued","messageId":"74762af1-aca4-414d-a7f3-a3ad3f1acfb9","ts":"2025-05-22T20:41:30.471Z"}
{"type":"queued","messageId":"1cce0583-e187-4764-a906-50b025b3ef58","ts":"2025-05-22T20:41:30.485Z"}
{"type":"queued","messageId":"7b859ce1-160e-4b3d-a9db-96edab966469","ts":"2025-05-22T20:41:30.501Z"}
{"type":"queued","messageId":"59bcb409-5462-4dae-8681-3736aa5c2527","ts":"2025-05-22T20:41:30.516Z"}
{"type":"queued","messageId":"1bc01a8b-48f5-4f94-81c0-0afc97c161e9","ts":"2025-05-22T20:41:30.533Z"}
{"type":"queued","messageId":"674842ab-e40c-47c8-8ffb-ad5155cd2917","ts":"2025-05-22T20:41:30.547Z"}
{"type":"queued","messageId":"77f8bdc6-dc35-4878-9d55-7fcaf3353c10","ts":"2025-05-22T20:41:30.563Z"}
{"type":"queued","messageId":"c7c6334d-fbbc-45bc-a349-23fd11b6ca55","ts":"2025-05-22T20:41:30.578Z"}
{"type":"queued","messageId":"1531b514-0225-4079-8208-35c8b82cc6f4","ts":"2025-05-22T20:41:30.593Z"}
{"type":"queued","messageId":"ff29e670-3ec9-47bc-9865-a2eefce7f7bf","ts":"2025-05-22T20:41:30.608Z"}
{"type":"queued","messageId":"7008ce17-fb47-4b07-92e5-a445de4a95b1","ts":"2025-05-22T20:41:30.626Z"}
{"type":"queued","messageId":"21d178a6-8ffa-4767-b4c9-99b8fbca8180","ts":"2025-05-22T20:41:30.639Z"}
{"type":"queued","messageId":"9a6995d2-15a3-419f-96c8-845334e20258","ts":"2025-05-22T20:41:30.654Z"}
{"type":"queued","messageId":"4a605a0f-7384-4253-988e-77aafd986de3","ts":"2025-05-22T20:41:30.669Z"}
{"type":"queued","messageId":"458c71e2-a7a5-4e66-9c57-36dbc01fe147","ts":"2025-05-22T20:41:30.684Z"}
{"type":"queued","messageId":"415c9f16-f670-4488-ab71-bc963a31ed62","ts":"2025-05-22T20:41:30.699Z"}
{"type":"queued","messageId":"d4bb7b78-3d81-44e9-bd0e-1d55236b435a","ts":"2025-05-22T20:41:30.715Z"}
{"type":"queued","messageId":"7a14979e-d06a-4495-8a2f-351987118ab3","ts":"2025-05-22T20:41:30.730Z"}
{"type":"queued","messageId":"e82b7953-e2bb-4c40-9bc6-674459ec2b80","ts":"2025-05-22T20:41:30.745Z"}
{"type":"queued","messageId":"ed992d09-380c-43e8-a801-42e4ac44e64d","ts":"2025-05-22T20:41:30.760Z"}
{"type":"queued","messageId":"1001d15c-2868-4ab5-81fb-163003e32d1e","ts":"2025-05-22T20:41:30.776Z"}
{"type":"queued","messageId":"5881ff62-ad67-4da6-a7c6-95995a611b53","ts":"2025-05-22T20:41:30.791Z"}
{"type":"queued","messageId":"1156793d-f343-4094-ac12-fcb7d4cd028f","ts":"2025-05-22T20:41:30.807Z"}
{"type":"queued","messageId":"72804012-8871-43bf-87b1-0891395a6c42","ts":"2025-05-22T20:41:30.822Z"}
{"type":"queued","messageId":"d8467836-600a-4537-bc58-933701272d1d","ts":"2025-05-22T20:41:30.837Z"}
{"type":"queued","messageId":"e759633d-07e0-469d-a0db-8407b16c14cb","ts":"2025-05-22T20:41:30.853Z"}
{"type":"queued","messageId":"e4570ddc-f28e-4dc6-9fab-0a71e13d8953","ts":"2025-05-22T20:41:30.868Z"}
{"type":"queued","messageId":"ea977f81-6523-4998-bd9c-f8ddd8f0725b","ts":"2025-05-22T20:41:30.886Z"}
{"type":"queued","messageId":"bf989295-8dd2-43c2-83e8-a5964494343c","ts":"2025-05-22T20:41:30.900Z"}
{"type":"queued","messageId":"099f3974-d933-4a75-9f53-8887eb21507a","ts":"2025-05-22T20:41:30.914Z"}
{"type":"queued","messageId":"e2ccb3cf-c530-482d-95a5-32df7b9af5a1","ts":"2025-05-22T20:41:30.929Z"}
{"type":"queued","messageId":"7df34ff1-11ec-4667-9b17-f464b190f90a","ts":"2025-05-22T20:41:30.944Z"}
{"type":"queued","messageId":"aeeaff6c-f766-4101-8783-9a183fd59c14","ts":"2025-05-22T20:41:30.960Z"}
{"type":"queued","messageId":"0e36e8ea-139f-4221-b90b-c7e7a2bb6008","ts":"2025-05-22T20:41:30.975Z"}
{"type":"queued","messageId":"11dae00b-f62b-4ff4-b7c9-c95a86080708","ts":"2025-05-22T20:41:30.991Z"}
{"type":"queued","messageId":"c786026e-249d-4ff0-b48b-aa404900c7f1","ts":"2025-05-22T20:41:31.006Z"}
{"type":"queued","messageId":"e875194d-bf73-474d-a37a-d9151be805ca","ts":"2025-05-22T20:41:31.021Z"}
{"type":"queued","messageId":"2c5ea2cd-f4cf-432f-a52f-bb6b1f654425","ts":"2025-05-22T20:41:31.037Z"}
{"type":"queued","messageId":"84acd71c-a509-422b-bfee-677673dc4d2d","ts":"2025-05-22T20:41:31.052Z"}
{"type":"queued","messageId":"fd971388-f0e9-45d2-9aea-a3a541e01511","ts":"2025-05-22T20:41:31.067Z"}
{"type":"queued","messageId":"242317b4-035e-491a-bb73-5967235ab4e5","ts":"2025-05-22T20:41:31.082Z"}
{"type":"queued","messageId":"0835f8fd-b98c-488a-93f0-2a6ee4a4ef5c","ts":"2025-05-22T20:41:31.097Z"}
{"type":"queued","messageId":"005ac5cf-93d2-4e9c-9dc3-9305c8832d62","ts":"2025-05-22T20:41:31.113Z"}
{"type":"queued","messageId":"72936e48-d76f-4e8c-98c5-0f7fc8792231","ts":"2025-05-22T20:41:31.128Z"}
{"type":"queued","messageId":"57cccf3d-eaee-46ee-a179-91a29ce3b690","ts":"2025-05-22T20:41:31.145Z"}
{"type":"queued","messageId":"af1a5186-b51e-4d2c-ae9c-3ba2cc680564","ts":"2025-05-22T20:41:31.159Z"}
{"type":"queued","messageId":"c96022c8-2ea1-4a6a-90de-d19bc6ff5bea","ts":"2025-05-22T20:41:31.173Z"}
{"type":"queued","messageId":"1d0242e4-7102-4328-8e49-e9bb0b57e308","ts":"2025-05-22T20:41:31.189Z"}
{"type":"queued","messageId":"321ff03a-b336-4084-b8fa-2c84e49d3c09","ts":"2025-05-22T20:41:31.204Z"}
{"type":"queued","messageId":"6d7114a7-991b-4160-9a72-1d4f6d4c1768","ts":"2025-05-22T20:41:31.220Z"}
{"type":"queued","messageId":"0c27c015-6a22-4023-a9fc-1bb7638a4e97","ts":"2025-05-22T20:41:31.236Z"}
{"type":"queued","messageId":"ad5eb9e5-49ed-42eb-9bef-dc0b04faac4d","ts":"2025-05-22T20:41:31.251Z"}
{"type":"queued","messageId":"6ea27a30-6b9e-4480-b0e8-d4e486e0be72","ts":"2025-05-22T20:41:31.266Z"}
{"type":"queued","messageId":"ba71b7bc-daa0-43c3-8e72-dda085ca2352","ts":"2025-05-22T20:41:31.281Z"}
{"type":"queued","messageId":"0d5c9a2c-c282-4ed9-b460-1f228fa88e16","ts":"2025-05-22T20:41:31.296Z"}
{"type":"queued","messageId":"10df1543-1201-4493-825c-57b4a050f910","ts":"2025-05-22T20:41:31.312Z"}
{"type":"queued","messageId":"b43e6671-4873-4bf7-b886-1a76bc1c2ca9","ts":"2025-05-22T20:41:31.326Z"}
{"type":"queued","messageId":"7d1c5218-259d-4f0f-a2ea-3716683b7646","ts":"2025-05-22T20:41:31.342Z"}
{"type":"queued","messageId":"7636cd83-4d75-424d-98f7-7b06b1d09bc7","ts":"2025-05-22T20:41:31.357Z"}
{"type":"queued","messageId":"219de2cb-66e4-46f7-a302-26a28c664430","ts":"2025-05-22T20:41:31.373Z"}
{"type":"queued","messageId":"9136d239-fa49-4b95-8ea4-5fa3343cf0b4","ts":"2025-05-22T20:41:31.388Z"}
{"type":"queued","messageId":"ac45e863-986c-4493-9bea-dc3402d41481","ts":"2025-05-22T20:41:31.405Z"}
{"type":"queued","messageId":"265692d8-d922-413a-8bd4-3e177a18f191","ts":"2025-05-22T20:41:31.420Z"}
{"type":"queued","messageId":"aeaf36f2-8ae2-400f-bec0-c459e66c5af2","ts":"2025-05-22T20:41:31.435Z"}
{"type":"queued","messageId":"8514ba39-3722-4dd9-a8f8-a28981d43dfc","ts":"2025-05-22T20:41:31.449Z"}
{"type":"queued","messageId":"8cfb7eef-b17f-4921-ae85-0a1bb786a7a3","ts":"2025-05-22T20:41:31.465Z"}
{"type":"queued","messageId":"300580a8-f216-46cc-96e6-b0f30fa632ac","ts":"2025-05-22T20:41:31.480Z"}
{"type":"queued","messageId":"0f68208a-8737-4496-8fbe-9fa795fa1b7a","ts":"2025-05-22T20:41:31.495Z"}
{"type":"queued","messageId":"432aaff1-21f7-42d3-b8ff-20a31ca07535","ts":"2025-05-22T20:41:31.509Z"}
{"type":"queued","messageId":"750ed473-3c83-4192-aff4-a8cf6cacbd49","ts":"2025-05-22T20:41:31.525Z"}
{"type":"queued","messageId":"a5a72c3c-5ff2-41ea-bee3-fc51b5fa5ea4","ts":"2025-05-22T21:12:17.213Z"}
{"type":"queued","messageId":"89339149-8ce1-4e7e-bcf4-bbdc2b46fda7","ts":"2025-05-22T21:12:17.222Z"}
{"type":"queued","messageId":"efb99a65-431a-41c4-bbf2-4d1cd5ce04cf","ts":"2025-05-22T21:12:17.234Z"}
{"type":"queued","messageId":"a587b85d-a37a-4cb6-a7da-60a06c85a01f","ts":"2025-05-22T21:12:17.250Z"}
{"type":"queued","messageId":"1d2c9a15-9448-445b-9972-63e86f2eae63","ts":"2025-05-22T21:12:17.265Z"}
{"type":"queued","messageId":"d88f7e9e-db9c-4392-92ae-65c9156c34f0","ts":"2025-05-22T21:12:17.282Z"}
{"type":"queued","messageId":"fa6a6504-68b6-4960-bd90-44e9ea71bcc2","ts":"2025-05-22T21:12:17.297Z"}
{"type":"queued","messageId":"443628c5-473b-4cdb-8144-d604b6ddb2f1","ts":"2025-05-22T21:12:17.305Z"}
{"type":"queued","messageId":"83927b0e-def0-42f3-b6f6-7b1e845f9b85","ts":"2025-05-22T21:12:17.327Z"}
{"type":"queued","messageId":"01e937e4-5a36-485a-b2ff-20c2d7aaf895","ts":"2025-05-22T21:12:17.341Z"}
{"type":"queued","messageId":"24c18b06-08ff-4f61-a21d-9b3c0b910f73","ts":"2025-05-22T21:12:17.357Z"}
{"type":"queued","messageId":"5b64463f-79b6-4a75-86bd-486c5af12d03","ts":"2025-05-22T21:12:17.371Z"}
{"type":"queued","messageId":"b8870027-cb44-4623-875f-ea24aea1c345","ts":"2025-05-22T21:12:17.385Z"}
{"type":"queued","messageId":"71636110-bfb4-441e-b2e5-490ac72641fb","ts":"2025-05-22T21:12:17.402Z"}
{"type":"queued","messageId":"bf384e4a-f131-4657-b616-0e4ed1ac1409","ts":"2025-05-22T21:12:17.417Z"}
{"type":"queued","messageId":"fd9f33ed-c9ac-4b0e-8128-6d7e7c00b0c7","ts":"2025-05-22T21:12:17.431Z"}
{"type":"queued","messageId":"741931bb-8ee5-46ca-8d7c-8201acef17a9","ts":"2025-05-22T21:12:17.432Z"}
{"type":"queued","messageId":"25640a16-454e-4aff-b3ee-c1b030c93ff5","ts":"2025-05-22T21:12:17.446Z"}
{"type":"queued","messageId":"c51afb63-a6e6-4acc-b877-5c9f4c73865f","ts":"2025-05-22T21:12:17.447Z"}
{"type":"queued","messageId":"1f975ed8-4684-400a-8977-722e2a1bcfba","ts":"2025-05-22T21:12:17.463Z"}
{"type":"queued","messageId":"3c8f6926-80ec-47ce-b0b4-a567dfd1b2f0","ts":"2025-05-22T21:12:17.463Z"}
{"type":"queued","messageId":"1da1bad3-cf97-4281-a32e-1a15579db492","ts":"2025-05-22T21:12:17.476Z"}
{"type":"queued","messageId":"61bd8c70-cd61-4df9-a19f-ca24a5b45d4e","ts":"2025-05-22T21:12:17.477Z"}
{"type":"queued","messageId":"58d28983-1335-4bb5-93d8-1280b16656b7","ts":"2025-05-22T21:12:17.491Z"}
{"type":"queued","messageId":"3d479381-73f2-4bf9-9e26-c50768881036","ts":"2025-05-22T21:12:17.492Z"}
{"type":"queued","messageId":"935067aa-5359-436a-a2c7-0b2490c6ab74","ts":"2025-05-22T21:12:17.506Z"}
{"type":"queued","messageId":"81cf1a22-b52e-48c2-b1b6-f374642c62ff","ts":"2025-05-22T21:12:17.506Z"}
{"type":"queued","messageId":"c532d518-98f9-4eaf-9587-bb03af9f7040","ts":"2025-05-22T21:12:17.527Z"}
{"type":"queued","messageId":"f4a48623-a41f-4c7d-a257-0911d54f287d","ts":"2025-05-22T21:12:17.529Z"}
{"type":"queued","messageId":"bdaedcb6-388b-40de-ae7b-732fbb9236d4","ts":"2025-05-22T21:12:17.537Z"}
{"type":"queued","messageId":"a4e011aa-38d4-453f-af37-7153f48127f8","ts":"2025-05-22T21:12:17.538Z"}
{"type":"queued","messageId":"0b256e4a-afbf-4d2c-ab58-1cc271c3535d","ts":"2025-05-22T21:12:17.542Z"}
{"type":"queued","messageId":"66ccdfcf-cee5-46c9-b60e-850e41ec8f74","ts":"2025-05-22T21:12:17.551Z"}
{"type":"queued","messageId":"e21809c4-a626-4eee-8b66-ea4dad0071c9","ts":"2025-05-22T21:12:17.568Z"}
{"type":"queued","messageId":"0fb6db05-3441-4929-bb40-35ac435917fd","ts":"2025-05-22T21:12:17.568Z"}
{"type":"queued","messageId":"16e79d40-2ed9-4499-86e5-b3b7ce635990","ts":"2025-05-22T21:12:17.583Z"}
{"type":"queued","messageId":"7af02ce3-aed1-4e14-a49e-cb72e828ee20","ts":"2025-05-22T21:12:17.583Z"}
{"type":"queued","messageId":"a3750097-4b42-4254-a17c-7fabc15fa487","ts":"2025-05-22T21:12:17.599Z"}
{"type":"queued","messageId":"0e2c12f9-6964-4fcb-a55c-8c2a65808ab6","ts":"2025-05-22T21:12:17.600Z"}
{"type":"queued","messageId":"d5361298-9b03-408b-bf6c-e121fe966772","ts":"2025-05-22T21:12:17.614Z"}
{"type":"queued","messageId":"5ee29d47-f62f-421b-94de-f659f165cb07","ts":"2025-05-22T21:12:17.615Z"}
{"type":"queued","messageId":"f1889aab-7a18-4584-85a0-202a6cc0e80e","ts":"2025-05-22T21:12:17.630Z"}
{"type":"queued","messageId":"eebea888-1d78-43be-a02d-b8973246b86f","ts":"2025-05-22T21:12:17.630Z"}
{"type":"queued","messageId":"668a07b6-af0b-41b1-a668-9630c8e0d659","ts":"2025-05-22T21:12:17.646Z"}
{"type":"queued","messageId":"fee88b5b-2029-4a4a-bcda-55db70f804a2","ts":"2025-05-22T21:12:17.647Z"}
{"type":"queued","messageId":"a93bd3d5-cd6e-4261-a82d-dbf6ee700984","ts":"2025-05-22T21:12:17.660Z"}
{"type":"queued","messageId":"9e028872-99d5-4412-aa31-130fcb38a685","ts":"2025-05-22T21:12:17.661Z"}
{"type":"queued","messageId":"a78d7a4b-759b-45af-8259-0e2837d94422","ts":"2025-05-22T21:12:17.675Z"}
{"type":"queued","messageId":"57e9592c-ef98-45f5-9c75-33bec23a0f51","ts":"2025-05-22T21:12:17.676Z"}
{"type":"queued","messageId":"c323c6ad-1c8f-49b6-a687-0925669d08a9","ts":"2025-05-22T21:12:17.690Z"}
{"type":"queued","messageId":"ae74a432-2c63-4611-b24b-911040abbdb1","ts":"2025-05-22T21:12:17.691Z"}
{"type":"queued","messageId":"27da1e77-0be2-4eba-9aeb-69206145a8e7","ts":"2025-05-22T21:12:17.706Z"}
{"type":"queued","messageId":"6a41ee56-6bf9-46cc-a1ff-d208b9ded189","ts":"2025-05-22T21:12:17.707Z"}
{"type":"queued","messageId":"b0cfe80f-2b42-4623-bac3-e31042f5cf68","ts":"2025-05-22T21:12:17.721Z"}
{"type":"queued","messageId":"739d2c38-d570-4241-9174-e7261ce9bce2","ts":"2025-05-22T21:12:17.722Z"}
{"type":"queued","messageId":"22c874be-7da0-4b10-902d-df323a58342d","ts":"2025-05-22T21:12:17.736Z"}
{"type":"queued","messageId":"1714cbc8-c9ea-48ee-af78-567830ed040b","ts":"2025-05-22T21:12:17.737Z"}
{"type":"queued","messageId":"4cb887e7-64e1-466f-ba91-7ac6ee47c6a3","ts":"2025-05-22T21:12:17.751Z"}
{"type":"queued","messageId":"ebce1791-7417-4f65-b2bf-ac8477d98908","ts":"2025-05-22T21:12:17.752Z"}
{"type":"queued","messageId":"8dc3ae67-1943-43b9-898a-f3d5fb634d8b","ts":"2025-05-22T21:12:17.768Z"}
{"type":"queued","messageId":"09f0f755-b1b0-4035-b301-f370bbf94be3","ts":"2025-05-22T21:12:17.769Z"}
{"type":"queued","messageId":"a13911a8-cbf3-4e31-8dfd-6e87bd489927","ts":"2025-05-22T21:12:17.781Z"}
{"type":"queued","messageId":"156e665d-d253-4cf0-8de3-4e694e6c987d","ts":"2025-05-22T21:12:17.782Z"}
{"type":"queued","messageId":"7c8c0eeb-ca59-431d-887e-6f9e364f0796","ts":"2025-05-22T21:12:17.796Z"}
{"type":"queued","messageId":"2880318b-2549-451f-b751-22689033b917","ts":"2025-05-22T21:12:17.797Z"}
{"type":"queued","messageId":"65a7dc31-c779-471c-93db-26dfa0008d84","ts":"2025-05-22T21:12:17.811Z"}
{"type":"queued","messageId":"5fe5544b-8c26-4f8d-af72-51ec7fb32a3d","ts":"2025-05-22T21:12:17.812Z"}
{"type":"queued","messageId":"a4c5d655-f607-4089-91fd-e83b92cee1fe","ts":"2025-05-22T21:12:17.827Z"}
{"type":"queued","messageId":"580ef15b-1017-425c-8bf6-5eb303eed6b8","ts":"2025-05-22T21:12:17.828Z"}
{"type":"queued","messageId":"c6c758bb-139e-4ead-93d3-a2a52efecff4","ts":"2025-05-22T21:12:17.844Z"}
{"type":"queued","messageId":"36ef5caf-b2fe-45ba-839e-454f4f0c2500","ts":"2025-05-22T21:12:17.844Z"}
{"type":"queued","messageId":"f7e427d2-e136-4df8-b866-af698dab2c01","ts":"2025-05-22T21:12:17.858Z"}
{"type":"queued","messageId":"aaaa0fa1-19a1-4681-85f1-76df153fe061","ts":"2025-05-22T21:12:17.858Z"}
{"type":"queued","messageId":"742ddf33-dc5d-409a-899e-796409f0051a","ts":"2025-05-22T21:12:17.873Z"}
{"type":"queued","messageId":"f92eb755-7e36-4d37-bd73-d29ae909594c","ts":"2025-05-22T21:12:17.873Z"}
{"type":"queued","messageId":"cbb80a6d-5150-47f0-818d-9ce7786b83ad","ts":"2025-05-22T21:12:17.888Z"}
{"type":"queued","messageId":"783bc148-f87e-41a9-bd7a-732eeffc4185","ts":"2025-05-22T21:12:17.889Z"}
{"type":"queued","messageId":"99e14a87-38b5-4226-bf9d-514944b96e84","ts":"2025-05-22T21:12:17.904Z"}
{"type":"queued","messageId":"8e7e8019-10e0-48af-9283-07d7aca6c1c5","ts":"2025-05-22T21:12:17.905Z"}
{"type":"queued","messageId":"33844f34-a947-4427-a116-d8f0c6845835","ts":"2025-05-22T21:12:17.919Z"}
{"type":"queued","messageId":"97d1d991-1d0e-4d5c-8614-fd910e6d010e","ts":"2025-05-22T21:12:17.920Z"}
{"type":"queued","messageId":"8eee542d-565f-4d52-b4a2-7d943d86717f","ts":"2025-05-22T21:12:17.933Z"}
{"type":"queued","messageId":"0785b365-3016-408a-aa64-2524c896d0c7","ts":"2025-05-22T21:12:17.934Z"}
{"type":"queued","messageId":"06f9fcaa-ea4e-4da9-afd0-1467958503ce","ts":"2025-05-22T21:12:17.950Z"}
{"type":"queued","messageId":"b2cd228e-8e23-45f4-afcb-488bcb338694","ts":"2025-05-22T21:12:17.951Z"}
{"type":"queued","messageId":"91dd135e-e3f7-41d6-a68f-53749626b537","ts":"2025-05-22T21:12:17.964Z"}
{"type":"queued","messageId":"8cd7b871-eed4-4b84-a524-c8c201f07ea3","ts":"2025-05-22T21:12:17.965Z"}
{"type":"queued","messageId":"89f5683a-0ad4-4494-b07b-df0cef974925","ts":"2025-05-22T21:12:17.980Z"}
{"type":"queued","messageId":"60549fe5-5f22-456b-a55b-1945e1a794db","ts":"2025-05-22T21:12:17.981Z"}
{"type":"queued","messageId":"53f7d9b3-e4d8-4ed2-a753-9accb523927b","ts":"2025-05-22T21:12:17.996Z"}
{"type":"queued","messageId":"e22455ee-145a-4c70-a8c1-82db607471f0","ts":"2025-05-22T21:12:17.996Z"}
{"type":"queued","messageId":"6111c0a8-dea9-482b-912e-bf78399a8aef","ts":"2025-05-22T21:12:18.011Z"}
{"type":"queued","messageId":"e2c0e009-2d00-4f2b-b26c-b08c9499ed0e","ts":"2025-05-22T21:12:18.012Z"}
{"type":"queued","messageId":"17f5b615-d332-473e-aa77-6c2a8b8b28c3","ts":"2025-05-22T21:12:18.025Z"}
{"type":"queued","messageId":"374d170e-dfd7-4db0-aef2-e225c561687d","ts":"2025-05-22T21:12:18.026Z"}
{"type":"queued","messageId":"0cf2db26-cb13-43c1-8b63-ac4886dea5a4","ts":"2025-05-22T21:12:18.041Z"}
{"type":"queued","messageId":"84b92a77-4cc0-4d34-8f37-52e099252660","ts":"2025-05-22T21:12:18.042Z"}
{"type":"queued","messageId":"c0c30cd8-f0fb-4d63-959c-1d05b05dc353","ts":"2025-05-22T21:12:18.056Z"}
{"type":"queued","messageId":"cc1f1d4e-71a1-49fb-8131-20594a2f251d","ts":"2025-05-22T21:12:18.056Z"}
{"type":"queued","messageId":"fae041b3-1261-4042-8f20-b74200dde0b9","ts":"2025-05-22T21:12:18.072Z"}
{"type":"queued","messageId":"4be9381b-2e74-4bf4-8aef-3f5dcbaa95d0","ts":"2025-05-22T21:12:18.073Z"}
{"type":"queued","messageId":"10807e20-d3b1-446c-ac39-8acc69852647","ts":"2025-05-22T21:12:18.087Z"}
{"type":"queued","messageId":"4d009b71-e8cf-4e99-be5f-ef7ffdabb93a","ts":"2025-05-22T21:12:18.088Z"}
{"type":"queued","messageId":"a7b66dbd-65a6-455a-85fd-f5ee57dec091","ts":"2025-05-22T21:12:18.102Z"}
{"type":"queued","messageId":"cdbd53dd-dcb9-42b2-bddf-7a568135d027","ts":"2025-05-22T21:12:18.102Z"}
{"type":"queued","messageId":"b0823627-2bd1-4ee5-a070-f5cd9ca2ece6","ts":"2025-05-22T21:12:18.117Z"}
{"type":"queued","messageId":"1914bd77-598e-4a46-b8e0-883a6e7150fb","ts":"2025-05-22T21:12:18.117Z"}
{"type":"queued","messageId":"98c62dc5-a4d0-49bf-bb28-af01e5b873d1","ts":"2025-05-22T21:12:18.132Z"}
{"type":"queued","messageId":"cdcbd157-e3e7-466c-b51e-8080cfe7447a","ts":"2025-05-22T21:12:18.133Z"}
{"type":"queued","messageId":"4f5e0735-baf5-4abd-ae90-9904b583563a","ts":"2025-05-22T21:12:18.147Z"}
{"type":"queued","messageId":"35a28089-779f-4c90-8899-8e90c3f06214","ts":"2025-05-22T21:12:18.148Z"}
{"type":"queued","messageId":"c5c1e8c5-338d-4f7a-aa3f-2878ca72e56c","ts":"2025-05-22T21:12:18.162Z"}
{"type":"queued","messageId":"a50ca83e-3743-4aaa-bf35-6fd343934e30","ts":"2025-05-22T21:12:18.163Z"}
{"type":"queued","messageId":"a28ca7c2-9536-4ccc-896b-6872e5964175","ts":"2025-05-22T21:12:18.177Z"}
{"type":"queued","messageId":"afa2c6ad-9f9f-4ae4-8ad8-5b9a179d8366","ts":"2025-05-22T21:12:18.178Z"}
{"type":"queued","messageId":"97882f28-9af2-4715-bc85-010d420ebe52","ts":"2025-05-22T21:12:18.192Z"}
{"type":"queued","messageId":"3e7af0ce-edc3-46aa-bd43-7f6b41d3fe31","ts":"2025-05-22T21:12:18.193Z"}
{"type":"queued","messageId":"629a625f-d52b-4fe4-b25f-b3e40ace159a","ts":"2025-05-22T21:12:18.208Z"}
{"type":"queued","messageId":"6a5fa49e-14f9-42d3-afd2-45d142589b9d","ts":"2025-05-22T21:12:18.208Z"}
{"type":"queued","messageId":"1fa295cc-e465-4c43-b720-f50dc966f0be","ts":"2025-05-22T21:12:18.227Z"}
{"type":"queued","messageId":"a55f86fd-e861-4d95-8d51-170981bd429c","ts":"2025-05-22T21:12:18.227Z"}
{"type":"queued","messageId":"96ffd09b-ec82-4680-bc0a-c837f284ba73","ts":"2025-05-22T21:12:18.234Z"}
{"type":"queued","messageId":"e6b9c2e8-e722-4933-a87d-fd0949c88325","ts":"2025-05-22T21:12:18.234Z"}
{"type":"queued","messageId":"e6e50cf8-c110-47b7-afc2-690d913b423a","ts":"2025-05-22T21:12:18.253Z"}
{"type":"queued","messageId":"bca1c672-9fcb-44f4-86f4-6e0266a15389","ts":"2025-05-22T21:12:18.254Z"}
{"type":"queued","messageId":"d4dfa5a2-7c57-4387-bb9d-877a92898de6","ts":"2025-05-22T21:12:18.268Z"}
{"type":"queued","messageId":"16bb949a-1236-4263-8b93-757a676ec1ea","ts":"2025-05-22T21:12:18.269Z"}
{"type":"queued","messageId":"b684e634-b597-47a5-8f6c-1a30682d47ae","ts":"2025-05-22T21:12:18.283Z"}
{"type":"queued","messageId":"d1675074-d233-4cf0-983f-b3f3c20e642d","ts":"2025-05-22T21:12:18.283Z"}
{"type":"queued","messageId":"b4460355-71e9-4b80-a6e5-85fe960b8f9c","ts":"2025-05-22T21:12:18.298Z"}
{"type":"queued","messageId":"4a450346-d964-45a9-b522-6392a65951e5","ts":"2025-05-22T21:12:18.299Z"}
{"type":"queued","messageId":"cbbd6c35-0268-462e-b1c9-3765d33adb04","ts":"2025-05-22T21:12:18.313Z"}
{"type":"queued","messageId":"ffbcfbfa-69ff-44ae-b44f-d246d11ef985","ts":"2025-05-22T21:12:18.314Z"}
{"type":"queued","messageId":"dd89549c-ea9f-4805-a39e-d04550924abf","ts":"2025-05-22T21:12:18.329Z"}
{"type":"queued","messageId":"4690025b-1472-486a-b3f8-fa87baa392ca","ts":"2025-05-22T21:12:18.330Z"}
{"type":"queued","messageId":"abfd07ca-fe09-43f3-af90-15788b2d2caa","ts":"2025-05-22T21:12:18.344Z"}
{"type":"queued","messageId":"9d5a101b-d489-4975-94e8-183f8ca762a4","ts":"2025-05-22T21:12:18.344Z"}
{"type":"queued","messageId":"ba0f211b-75c4-42f5-8066-70c1d9183cf7","ts":"2025-05-22T21:12:18.361Z"}
{"type":"queued","messageId":"17fb05a4-6b7f-4e40-bbf1-8af56c432e33","ts":"2025-05-22T21:12:18.362Z"}
{"type":"queued","messageId":"108a151d-47a6-4b31-b4a9-4d68d1d17591","ts":"2025-05-22T21:12:18.373Z"}
{"type":"queued","messageId":"37bb2bf7-3d6c-4fce-aac9-76288d7f215e","ts":"2025-05-22T21:12:18.374Z"}
{"type":"queued","messageId":"97650c7a-3878-41a3-a792-a792078c1dcd","ts":"2025-05-22T21:12:18.388Z"}
{"type":"queued","messageId":"2eab05d4-eb4f-4960-979d-1618be49eaf1","ts":"2025-05-22T21:12:18.389Z"}
{"type":"queued","messageId":"e3f9ccf5-fbd5-4854-8067-6d1fb0a39bbd","ts":"2025-05-22T21:12:18.404Z"}
{"type":"queued","messageId":"3963fb51-d651-49b3-8499-ae885a80aea9","ts":"2025-05-22T21:12:18.405Z"}
{"type":"queued","messageId":"003d4856-97c3-4cd7-ac3c-827bbc20fe50","ts":"2025-05-22T21:12:18.419Z"}
{"type":"queued","messageId":"64c9d4aa-3569-4e57-9fb9-6e12078f1405","ts":"2025-05-22T21:12:18.420Z"}
{"type":"queued","messageId":"c2440fd8-25a7-4217-9714-5c099389c3d1","ts":"2025-05-22T21:12:18.435Z"}
{"type":"queued","messageId":"6a3c0719-2c9a-4472-8a90-48d2abb8ceb4","ts":"2025-05-22T21:12:18.436Z"}
{"type":"queued","messageId":"782fa887-2b56-4653-91ca-e4bc94132f99","ts":"2025-05-22T21:12:18.450Z"}
{"type":"queued","messageId":"85552c5a-e209-4886-b70b-53e6f771a860","ts":"2025-05-22T21:12:18.450Z"}
{"type":"queued","messageId":"91d9dcdc-2dc2-4ea5-b880-7384727fcb6e","ts":"2025-05-22T21:12:18.465Z"}
{"type":"queued","messageId":"5fcc528a-87ad-4809-8fe4-3d35521bdbb4","ts":"2025-05-22T21:12:18.465Z"}
{"type":"queued","messageId":"35260aa9-2456-461f-9e34-866ccadcfa28","ts":"2025-05-22T21:12:18.482Z"}
{"type":"queued","messageId":"0007a7da-321d-4766-8ea6-cd0c29c000f1","ts":"2025-05-22T21:12:18.483Z"}
{"type":"queued","messageId":"b7ee7b99-3219-4729-beb0-c38735402866","ts":"2025-05-22T21:12:18.495Z"}
{"type":"queued","messageId":"e26857a3-869b-4ea9-a13a-0d425ee8c154","ts":"2025-05-22T21:12:18.496Z"}
{"type":"queued","messageId":"d0159b46-fddd-47e4-985d-183085db1aae","ts":"2025-05-22T21:12:18.511Z"}
{"type":"queued","messageId":"2a4add37-c041-466b-bd88-3404013fd095","ts":"2025-05-22T21:12:18.511Z"}
{"type":"queued","messageId":"540279c9-6265-4328-bba8-54438460c117","ts":"2025-05-22T21:12:18.526Z"}
{"type":"queued","messageId":"b815759d-7841-4fff-95be-d59bbc34d931","ts":"2025-05-22T21:12:18.526Z"}
{"type":"queued","messageId":"152d9024-815d-4a2b-a1d1-f1e396a024c1","ts":"2025-05-22T21:12:18.544Z"}
{"type":"queued","messageId":"98f37e91-9ede-4607-91c9-5947980c3aa7","ts":"2025-05-22T21:12:18.545Z"}
{"type":"queued","messageId":"fdad87fa-7836-4297-8adf-a0c2e93f9e13","ts":"2025-05-22T21:12:18.556Z"}
{"type":"queued","messageId":"66dadb76-5822-4953-a5c3-c18a78a9d43a","ts":"2025-05-22T21:12:18.557Z"}
{"type":"queued","messageId":"5233aa03-d8e5-436d-a1a8-3f5524af4026","ts":"2025-05-22T21:12:18.572Z"}
{"type":"queued","messageId":"95e0aec1-b2db-4cb2-9691-39a1b224c7f5","ts":"2025-05-22T21:12:18.573Z"}
{"type":"queued","messageId":"97d7d8ae-74b8-4ccb-b970-b7bc44e35dc0","ts":"2025-05-22T21:12:18.587Z"}
{"type":"queued","messageId":"d3872774-3b9e-476c-ba11-b1d1f8cb226b","ts":"2025-05-22T21:12:18.587Z"}
{"type":"queued","messageId":"0d65c12b-221c-46aa-bec3-eba391515475","ts":"2025-05-22T21:12:18.604Z"}
{"type":"queued","messageId":"3b86be29-e9f7-4d8d-9538-13d64da885c9","ts":"2025-05-22T21:12:18.604Z"}
{"type":"queued","messageId":"8182abb5-9e9b-447f-a39e-97156a0a9fbc","ts":"2025-05-22T21:12:18.620Z"}
{"type":"queued","messageId":"8dd40163-0345-4538-b152-8a5b86ce7806","ts":"2025-05-22T21:12:18.621Z"}
{"type":"queued","messageId":"5f35463f-1952-4fb2-9a9e-1831a50cf2b8","ts":"2025-05-22T21:12:18.634Z"}
{"type":"queued","messageId":"f529bb1b-78eb-49c0-88dd-d2caa1f1ad8c","ts":"2025-05-22T21:12:18.634Z"}
{"type":"queued","messageId":"179561e6-8fe9-4c6c-aa3a-a4b53e7447a9","ts":"2025-05-22T21:12:18.648Z"}
{"type":"queued","messageId":"9e569bea-7099-4ba0-9b27-c23d694f1df6","ts":"2025-05-22T21:12:18.649Z"}
{"type":"queued","messageId":"312a95a6-1b89-48ff-9829-a73f0ec3eb3c","ts":"2025-05-22T21:12:18.663Z"}
{"type":"queued","messageId":"f0a0a716-8ce6-4ef8-a381-cdd5607bc639","ts":"2025-05-22T21:12:18.664Z"}
{"type":"queued","messageId":"6d68706a-140a-451b-ad50-732b80b7c68e","ts":"2025-05-22T21:12:18.680Z"}
{"type":"queued","messageId":"65158db2-ba67-4650-b659-ff1d3addbcd3","ts":"2025-05-22T21:12:18.681Z"}
{"type":"queued","messageId":"d3765615-9d18-45df-9c14-6c2c5f5e6e96","ts":"2025-05-22T21:12:18.695Z"}
{"type":"queued","messageId":"8723122d-3db9-4970-a845-4e3dcdc0149b","ts":"2025-05-22T21:12:18.696Z"}
{"type":"queued","messageId":"29d0f329-2b53-4a52-bc1d-35dd5f87c926","ts":"2025-05-22T21:12:18.709Z"}
{"type":"queued","messageId":"99ade575-1b9d-41ef-bed5-9b061b291a6e","ts":"2025-05-22T21:12:18.709Z"}
{"type":"queued","messageId":"baf0c5b0-014d-4bb5-81b1-07f848b4b90a","ts":"2025-05-22T21:12:18.724Z"}
{"type":"queued","messageId":"0c3b17c4-43f9-4ae9-b64d-29b4d9e0e22c","ts":"2025-05-22T21:12:18.739Z"}
{"type":"queued","messageId":"2a1c8359-79f9-434e-a4a9-6f2f2c601811","ts":"2025-05-22T21:12:18.754Z"}
{"type":"queued","messageId":"a279f6ad-9062-4368-b5dd-6b7b0505cc71","ts":"2025-05-22T21:12:18.769Z"}
{"type":"queued","messageId":"48a588dc-6d59-43fd-a47c-358741c46bfd","ts":"2025-05-22T21:12:18.784Z"}
{"type":"queued","messageId":"f4dfd30c-9a65-4e06-aec9-0785d0ff3883","ts":"2025-05-22T21:12:18.800Z"}
{"type":"queued","messageId":"b2f390ac-b3f2-4be1-b872-b36f38034e54","ts":"2025-05-22T21:12:18.815Z"}
{"type":"queued","messageId":"6a19cdc3-e767-4ab4-8733-cc936a61063c","ts":"2025-05-22T21:12:18.831Z"}
{"type":"queued","messageId":"9f472382-bbb5-4d28-a978-468a8dc482f2","ts":"2025-05-22T21:12:18.846Z"}
{"type":"queued","messageId":"f4083e4b-047b-4708-b0cc-8f0806846746","ts":"2025-05-22T21:12:18.861Z"}
{"type":"queued","messageId":"23a4f96f-267d-414e-9111-15e9fcec873e","ts":"2025-05-22T21:12:18.876Z"}
{"type":"queued","messageId":"571fb659-ba7e-44e5-964c-91628f49e88e","ts":"2025-05-22T21:12:18.890Z"}
{"type":"queued","messageId":"275ef38d-41d0-4320-8755-4fdf0a5aaaf4","ts":"2025-05-22T21:12:18.907Z"}
{"type":"queued","messageId":"37555b2d-d1e2-4087-86f7-b8ba5ffd0906","ts":"2025-05-22T21:12:18.923Z"}
{"type":"queued","messageId":"d947250d-aca7-4e0d-b3ef-07d9f7a44020","ts":"2025-05-22T21:12:18.937Z"}
